<?xml version="1.0" encoding="UTF-8"?>
<!-- Generated by org.testng.reporters.JUnitReportReporter -->
<testsuite hostname="MSI" failures="0" tests="1" name="testScripts.LoginToswaglab" time="5.388" errors="0" timestamp="2023-12-31T13:47:19 IST" skipped="0">
  <testcase classname="testScripts.LoginToswaglab" name="test" time="5.388"/>
  <system-out/>
</testsuite> <!-- testScripts.LoginToswaglab -->
