<?xml version="1.0" encoding="UTF-8"?>
<!-- Generated by org.testng.reporters.JUnitReportReporter -->
<testsuite hostname="MSI" failures="0" tests="1" name="com.flamingo.testScripts.WebTablehandle" time="7.185" errors="0" timestamp="2024-01-05T00:03:41 IST" skipped="0">
  <testcase classname="com.flamingo.testScripts.WebTablehandle" name="getWebtableHandle" time="7.185"/>
  <system-out/>
</testsuite> <!-- com.flamingo.testScripts.WebTablehandle -->
