<?xml version="1.0" encoding="UTF-8"?>
<!-- Generated by org.testng.reporters.JUnitReportReporter -->
<testsuite hostname="MSI" failures="0" tests="1" name="com.flamingo.OrangeHRM.HomePageTest" time="6.056" errors="0" timestamp="2024-01-14T15:13:30 IST" skipped="0">
  <testcase classname="com.flamingo.OrangeHRM.HomePageTest" name="loginWithCorrectCredential" time="6.056"/>
  <system-out/>
</testsuite> <!-- com.flamingo.OrangeHRM.HomePageTest -->
