<?xml version="1.0" encoding="UTF-8"?>
<!-- Generated by org.testng.reporters.JUnitReportReporter -->
<testsuite hostname="MSI" failures="0" tests="1" name="com.flamingo.testScripts.SwitchingWindows" time="10.346" errors="0" timestamp="2024-01-02T10:33:45 IST" skipped="0">
  <testcase classname="com.flamingo.testScripts.SwitchingWindows" name="switchingBetweenWindows" time="10.346"/>
  <system-out/>
</testsuite> <!-- com.flamingo.testScripts.SwitchingWindows -->
