<?xml version="1.0" encoding="UTF-8"?>
<!-- Generated by org.testng.reporters.JUnitReportReporter -->
<testsuite hostname="MSI" failures="0" tests="2" name="com.flamingo.OrangeHRM.HomePageTest" time="9.647" errors="0" timestamp="2024-01-14T09:50:49 IST" skipped="0">
  <testcase classname="com.flamingo.OrangeHRM.HomePageTest" name="loginWithCorrectCredential" time="8.179"/>
  <system-out/>
  <testcase classname="com.flamingo.OrangeHRM.HomePageTest" name="aboutProfileTesting" time="1.468"/>
  <system-out/>
</testsuite> <!-- com.flamingo.OrangeHRM.HomePageTest -->
