<?xml version="1.0" encoding="UTF-8"?>
<!-- Generated by org.testng.reporters.JUnitReportReporter -->
<testsuite hostname="MSI" failures="0" tests="2" name="com.flamingo.OrangeHRM.LoginPageTest" time="6.153" errors="0" timestamp="2024-01-11T22:48:51 IST" skipped="1">
  <testcase classname="com.flamingo.OrangeHRM.LoginPageTest" name="loginWithCorrectCredential" time="6.153"/>
  <system-out/>
  <testcase classname="com.flamingo.OrangeHRM.LoginPageTest" name="loginWithInCorrectCredential">
    <skipped/>
  </testcase> <!-- loginWithInCorrectCredential -->
  <system-out/>
</testsuite> <!-- com.flamingo.OrangeHRM.LoginPageTest -->
