<?xml version="1.0" encoding="UTF-8"?>
<!-- Generated by org.testng.reporters.JUnitReportReporter -->
<testsuite hostname="MSI" failures="0" tests="1" name="com.flamingo.testScripts.LoginClassToGoogle" time="3.428" errors="0" timestamp="2023-12-31T20:03:35 IST" skipped="0">
  <testcase classname="com.flamingo.testScripts.LoginClassToGoogle" name="testScenario1" time="3.428"/>
  <system-out/>
</testsuite> <!-- com.flamingo.testScripts.LoginClassToGoogle -->
