<?xml version="1.0" encoding="UTF-8"?>
<!-- Generated by org.testng.reporters.JUnitReportReporter -->
<testsuite hostname="MSI" failures="0" tests="1" name="com.flamingo.testScripts.RadioButtonTesting" time="6.779" errors="0" timestamp="2024-01-03T22:20:31 IST" skipped="0">
  <testcase classname="com.flamingo.testScripts.RadioButtonTesting" name="radioButtonTesting" time="6.779"/>
  <system-out/>
</testsuite> <!-- com.flamingo.testScripts.RadioButtonTesting -->
