<?xml version="1.0" encoding="UTF-8"?>
<!-- Generated by org.testng.reporters.JUnitReportReporter -->
<testsuite hostname="MSI" failures="0" tests="1" name="com.flamingo.testScripts.LinkHandling" time="8.816" errors="0" timestamp="2024-01-07T15:40:18 IST" skipped="0">
  <testcase classname="com.flamingo.testScripts.LinkHandling" name="linkHandletesting" time="8.816"/>
  <system-out/>
</testsuite> <!-- com.flamingo.testScripts.LinkHandling -->
