<?xml version="1.0" encoding="UTF-8"?>
<!-- Generated by org.testng.reporters.JUnitReportReporter -->
<testsuite hostname="MSI" failures="0" tests="1" name="com.flamingo.testScripts.SelectFromScroll" time="7.142" errors="0" timestamp="2024-01-03T23:46:58 IST" skipped="0">
  <testcase classname="com.flamingo.testScripts.SelectFromScroll" name="selectFromScroll" time="7.142"/>
  <system-out/>
</testsuite> <!-- com.flamingo.testScripts.SelectFromScroll -->
