<?xml version="1.0" encoding="UTF-8"?>
<!-- Generated by org.testng.reporters.JUnitReportReporter -->
<testsuite hostname="MSI" failures="0" tests="1" name="com.flamingo.testScripts.InboxTesting" time="9.081" errors="0" timestamp="2024-01-03T21:10:30 IST" skipped="0">
  <testcase classname="com.flamingo.testScripts.InboxTesting" name="inboxtesting" time="9.081"/>
  <system-out/>
</testsuite> <!-- com.flamingo.testScripts.InboxTesting -->
