<?xml version="1.0" encoding="UTF-8"?>
<!-- Generated by org.testng.reporters.JUnitReportReporter -->
<testsuite hostname="MSI" failures="0" tests="1" name="com.flamingo.testScripts.LoginToswaglab2" time="7.039" errors="0" timestamp="2023-12-31T17:57:02 IST" skipped="0">
  <testcase classname="com.flamingo.testScripts.LoginToswaglab2" name="test2" time="7.039"/>
  <system-out/>
</testsuite> <!-- com.flamingo.testScripts.LoginToswaglab2 -->
