<?xml version="1.0" encoding="UTF-8"?>
<!-- Generated by org.testng.reporters.JUnitReportReporter -->
<testsuite hostname="MSI" failures="0" tests="1" name="com.flamingo.testScripts.LoginToswaglab" time="5.163" errors="0" timestamp="2023-12-31T20:03:35 IST" skipped="0">
  <testcase classname="com.flamingo.testScripts.LoginToswaglab" name="test" time="5.163"/>
  <system-out/>
</testsuite> <!-- com.flamingo.testScripts.LoginToswaglab -->
