<?xml version="1.0" encoding="UTF-8"?>
<!-- Generated by org.testng.reporters.JUnitReportReporter -->
<testsuite hostname="MSI" failures="0" tests="1" name="com.flamingo.testScripts.CheckDropdownSortedOrNot" time="6.081" errors="0" timestamp="2024-01-02T00:08:33 IST" skipped="0">
  <testcase classname="com.flamingo.testScripts.CheckDropdownSortedOrNot" name="checkDropDown" time="6.081"/>
  <system-out/>
</testsuite> <!-- com.flamingo.testScripts.CheckDropdownSortedOrNot -->
