<?xml version="1.0" encoding="UTF-8"?>
<!-- Generated by org.testng.reporters.JUnitReportReporter -->
<testsuite hostname="MSI" failures="0" tests="1" name="com.flamingo.testScripts.CheckboxSelection" time="6.651" errors="0" timestamp="2024-01-03T23:37:22 IST" skipped="0">
  <testcase classname="com.flamingo.testScripts.CheckboxSelection" name="checkBoxSelection" time="6.651"/>
  <system-out/>
</testsuite> <!-- com.flamingo.testScripts.CheckboxSelection -->
